TN:
SF:src/services/cart.ts
FN:10,(anonymous_0)
FN:14,(anonymous_1)
FN:24,(anonymous_2)
FN:33,(anonymous_3)
FN:39,(anonymous_4)
FN:63,(anonymous_5)
FN:66,(anonymous_6)
FN:78,(anonymous_7)
FN:81,(anonymous_8)
FN:89,(anonymous_9)
FN:103,(anonymous_10)
FN:112,(anonymous_11)
FN:115,(anonymous_12)
FN:116,(anonymous_13)
FN:147,(anonymous_14)
FN:150,(anonymous_15)
FN:158,(anonymous_16)
FN:163,(anonymous_17)
FNF:18
FNH:0
FNDA:0,(anonymous_0)
FNDA:0,(anonymous_1)
FNDA:0,(anonymous_2)
FNDA:0,(anonymous_3)
FNDA:0,(anonymous_4)
FNDA:0,(anonymous_5)
FNDA:0,(anonymous_6)
FNDA:0,(anonymous_7)
FNDA:0,(anonymous_8)
FNDA:0,(anonymous_9)
FNDA:0,(anonymous_10)
FNDA:0,(anonymous_11)
FNDA:0,(anonymous_12)
FNDA:0,(anonymous_13)
FNDA:0,(anonymous_14)
FNDA:0,(anonymous_15)
FNDA:0,(anonymous_16)
FNDA:0,(anonymous_17)
DA:1,0
DA:2,0
DA:3,0
DA:5,0
DA:7,0
DA:11,0
DA:15,0
DA:16,0
DA:17,0
DA:19,0
DA:20,0
DA:25,0
DA:26,0
DA:28,0
DA:29,0
DA:34,0
DA:35,0
DA:38,0
DA:39,0
DA:45,0
DA:47,0
DA:50,0
DA:56,0
DA:58,0
DA:59,0
DA:64,0
DA:65,0
DA:66,0
DA:68,0
DA:69,0
DA:70,0
DA:73,0
DA:74,0
DA:79,0
DA:80,0
DA:81,0
DA:82,0
DA:84,0
DA:85,0
DA:90,0
DA:91,0
DA:92,0
DA:93,0
DA:96,0
DA:98,0
DA:99,0
DA:104,0
DA:105,0
DA:107,0
DA:108,0
DA:113,0
DA:114,0
DA:115,0
DA:116,0
DA:118,0
DA:122,0
DA:123,0
DA:124,0
DA:126,0
DA:135,0
DA:136,0
DA:148,0
DA:149,0
DA:150,0
DA:152,0
DA:153,0
DA:159,0
DA:160,0
DA:164,0
DA:165,0
DA:170,0
LF:71
LH:0
BRDA:17,0,0,0
BRDA:17,0,1,0
BRDA:39,1,0,0
BRDA:39,1,1,0
BRDA:39,1,2,0
BRDA:39,1,3,0
BRDA:45,2,0,0
BRDA:45,2,1,0
BRDA:68,3,0,0
BRDA:68,3,1,0
BRDA:91,4,0,0
BRDA:91,4,1,0
BRDA:118,5,0,0
BRDA:118,5,1,0
BRDA:118,6,0,0
BRDA:118,6,1,0
BRDA:120,7,0,0
BRDA:120,7,1,0
BRDA:122,8,0,0
BRDA:122,8,1,0
BRF:20
BRH:0
end_of_record
TN:
SF:src/services/firstTime.service.ts
FN:33,(anonymous_0)
FN:44,(anonymous_1)
FN:61,(anonymous_2)
FN:82,(anonymous_3)
FN:96,(anonymous_4)
FN:99,(anonymous_5)
FN:120,(anonymous_6)
FN:123,(anonymous_7)
FN:144,(anonymous_8)
FN:145,(anonymous_9)
FN:146,(anonymous_10)
FN:147,(anonymous_11)
FNF:12
FNH:0
FNDA:0,(anonymous_0)
FNDA:0,(anonymous_1)
FNDA:0,(anonymous_2)
FNDA:0,(anonymous_3)
FNDA:0,(anonymous_4)
FNDA:0,(anonymous_5)
FNDA:0,(anonymous_6)
FNDA:0,(anonymous_7)
FNDA:0,(anonymous_8)
FNDA:0,(anonymous_9)
FNDA:0,(anonymous_10)
FNDA:0,(anonymous_11)
DA:1,0
DA:2,0
DA:15,0
DA:29,0
DA:34,0
DA:35,0
DA:45,0
DA:46,0
DA:47,0
DA:48,0
DA:50,0
DA:52,0
DA:62,0
DA:63,0
DA:64,0
DA:70,0
DA:71,0
DA:73,0
DA:83,0
DA:84,0
DA:85,0
DA:86,0
DA:88,0
DA:97,0
DA:98,0
DA:99,0
DA:101,0
DA:102,0
DA:103,0
DA:104,0
DA:105,0
DA:109,0
DA:111,0
DA:112,0
DA:121,0
DA:122,0
DA:123,0
DA:125,0
DA:126,0
DA:129,0
DA:130,0
DA:133,0
DA:144,0
DA:145,0
DA:146,0
DA:147,0
LF:46
LH:0
BRDA:35,0,0,0
BRDA:35,0,1,0
BRDA:48,1,0,0
BRDA:48,1,1,0
BRDA:104,2,0,0
BRDA:104,2,1,0
BRDA:129,3,0,0
BRDA:129,3,1,0
BRF:8
BRH:0
end_of_record
TN:
SF:src/utils/fontUtils.ts
FN:5,(anonymous_0)
FN:29,(anonymous_1)
FN:51,(anonymous_2)
FN:62,(anonymous_3)
FN:68,(anonymous_4)
FN:70,(anonymous_5)
FN:75,(anonymous_6)
FNF:7
FNH:0
FNDA:0,(anonymous_0)
FNDA:0,(anonymous_1)
FNDA:0,(anonymous_2)
FNDA:0,(anonymous_3)
FNDA:0,(anonymous_4)
FNDA:0,(anonymous_5)
FNDA:0,(anonymous_6)
DA:2,0
DA:5,0
DA:13,0
DA:16,0
DA:17,0
DA:21,0
DA:22,0
DA:23,0
DA:25,0
DA:29,0
DA:51,0
DA:53,0
DA:54,0
DA:58,0
DA:62,0
DA:63,0
DA:64,0
DA:68,0
DA:70,0
DA:71,0
DA:75,0
DA:76,0
LF:22
LH:0
BRDA:7,0,0,0
BRDA:8,1,0,0
BRDA:16,2,0,0
BRDA:16,2,1,0
BRDA:21,3,0,0
BRDA:21,3,1,0
BRDA:22,4,0,0
BRDA:22,4,1,0
BRDA:23,5,0,0
BRDA:23,5,1,0
BRDA:53,6,0,0
BRDA:53,6,1,0
BRDA:64,7,0,0
BRDA:64,7,1,0
BRDA:71,8,0,0
BRDA:71,8,1,0
BRDA:76,9,0,0
BRDA:76,9,1,0
BRF:18
BRH:0
end_of_record
TN:
SF:src/utils/format.ts
FN:4,(anonymous_0)
FN:11,(anonymous_1)
FN:15,(anonymous_2)
FN:19,(anonymous_3)
FN:27,(anonymous_4)
FN:38,(anonymous_5)
FN:45,(anonymous_6)
FN:55,(anonymous_7)
FN:66,(anonymous_8)
FN:80,(anonymous_9)
FN:85,(anonymous_10)
FN:90,(anonymous_11)
FN:95,(anonymous_12)
FN:99,(anonymous_13)
FN:102,(anonymous_14)
FN:106,(anonymous_15)
FN:113,(anonymous_16)
FN:115,(anonymous_17)
FN:116,(anonymous_18)
FN:119,(anonymous_19)
FN:124,(anonymous_20)
FNF:21
FNH:8
FNDA:2,(anonymous_0)
FNDA:2,(anonymous_1)
FNDA:3,(anonymous_2)
FNDA:5,(anonymous_3)
FNDA:3,(anonymous_4)
FNDA:2,(anonymous_5)
FNDA:2,(anonymous_6)
FNDA:2,(anonymous_7)
FNDA:0,(anonymous_8)
FNDA:0,(anonymous_9)
FNDA:0,(anonymous_10)
FNDA:0,(anonymous_11)
FNDA:0,(anonymous_12)
FNDA:0,(anonymous_13)
FNDA:0,(anonymous_14)
FNDA:0,(anonymous_15)
FNDA:0,(anonymous_16)
FNDA:0,(anonymous_17)
FNDA:0,(anonymous_18)
FNDA:0,(anonymous_19)
FNDA:0,(anonymous_20)
DA:1,1
DA:3,1
DA:5,2
DA:12,2
DA:16,3
DA:20,5
DA:21,5
DA:23,4
DA:24,4
DA:28,3
DA:29,3
DA:31,3
DA:32,2
DA:35,1
DA:39,2
DA:40,2
DA:42,2
DA:46,2
DA:47,2
DA:49,1
DA:50,1
DA:52,1
DA:56,2
DA:57,2
DA:59,1
DA:63,1
DA:67,0
DA:69,0
DA:70,0
DA:73,0
DA:74,0
DA:77,0
DA:81,0
DA:82,0
DA:86,0
DA:87,0
DA:91,0
DA:92,0
DA:96,0
DA:100,0
DA:102,0
DA:107,0
DA:114,0
DA:115,0
DA:116,0
DA:120,0
DA:121,0
DA:125,0
DA:126,0
LF:49
LH:26
BRDA:4,0,0,1
BRDA:15,1,0,1
BRDA:21,2,0,1
BRDA:21,2,1,4
BRDA:31,3,0,2
BRDA:31,3,1,1
BRDA:42,4,0,2
BRDA:42,4,1,0
BRDA:47,5,0,1
BRDA:47,5,1,1
BRDA:52,6,0,1
BRDA:52,6,1,0
BRDA:57,7,0,1
BRDA:57,7,1,1
BRDA:57,8,0,2
BRDA:57,8,1,2
BRDA:59,9,0,1
BRDA:59,9,1,0
BRDA:67,10,0,0
BRDA:67,10,1,0
BRDA:69,11,0,0
BRDA:69,11,1,0
BRDA:73,12,0,0
BRDA:73,12,1,0
BRDA:81,13,0,0
BRDA:81,13,1,0
BRDA:86,14,0,0
BRDA:86,14,1,0
BRDA:91,15,0,0
BRDA:91,15,1,0
BRDA:115,16,0,0
BRDA:115,16,1,0
BRDA:119,17,0,0
BRDA:120,18,0,0
BRDA:120,18,1,0
BRDA:125,19,0,0
BRDA:125,19,1,0
BRDA:126,20,0,0
BRDA:126,20,1,0
BRF:39
BRH:15
end_of_record
TN:
SF:src/utils/formatters.ts
FN:11,(anonymous_0)
FN:29,(anonymous_1)
FN:43,(anonymous_2)
FN:58,(anonymous_3)
FNF:4
FNH:0
FNDA:0,(anonymous_0)
FNDA:0,(anonymous_1)
FNDA:0,(anonymous_2)
FNDA:0,(anonymous_3)
DA:11,0
DA:12,0
DA:13,0
DA:16,0
DA:29,0
DA:30,0
DA:31,0
DA:34,0
DA:43,0
DA:44,0
DA:45,0
DA:48,0
DA:58,0
DA:59,0
DA:60,0
DA:63,0
DA:64,0
DA:66,0
LF:18
LH:0
BRDA:11,0,0,0
BRDA:12,1,0,0
BRDA:12,1,1,0
BRDA:12,2,0,0
BRDA:12,2,1,0
BRDA:29,3,0,0
BRDA:29,4,0,0
BRDA:30,5,0,0
BRDA:30,5,1,0
BRDA:30,6,0,0
BRDA:30,6,1,0
BRDA:43,7,0,0
BRDA:44,8,0,0
BRDA:44,8,1,0
BRDA:44,9,0,0
BRDA:44,9,1,0
BRDA:59,10,0,0
BRDA:59,10,1,0
BRDA:59,11,0,0
BRDA:59,11,1,0
BRDA:60,12,0,0
BRDA:60,12,1,0
BRDA:64,13,0,0
BRDA:64,13,1,0
BRDA:64,14,0,0
BRDA:64,14,1,0
BRF:26
BRH:0
end_of_record
TN:
SF:src/utils/getCurrentApp.ts
FN:5,getCurrentApp
FN:17,getAppPrefix
FNF:2
FNH:0
FNDA:0,getCurrentApp
FNDA:0,getAppPrefix
DA:5,0
DA:6,0
DA:8,0
DA:9,0
DA:12,0
DA:13,0
DA:17,0
DA:18,0
DA:19,0
LF:9
LH:0
BRDA:9,0,0,0
BRDA:9,0,1,0
BRDA:19,1,0,0
BRDA:19,1,1,0
BRF:4
BRH:0
end_of_record
TN:
SF:src/utils/helpers.ts
FN:8,(anonymous_0)
FN:13,(anonymous_1)
FN:18,(anonymous_2)
FN:24,(anonymous_3)
FN:31,(anonymous_4)
FN:32,(anonymous_5)
FN:35,(anonymous_6)
FN:38,(anonymous_7)
FN:39,(anonymous_8)
FN:44,(anonymous_9)
FN:70,(anonymous_10)
FN:74,(anonymous_11)
FN:76,(anonymous_12)
FN:86,(anonymous_13)
FN:87,(anonymous_14)
FN:95,(anonymous_15)
FN:103,(anonymous_16)
FN:112,(anonymous_17)
FN:119,(anonymous_18)
FN:124,(anonymous_19)
FN:132,(anonymous_20)
FN:137,(anonymous_21)
FN:143,(anonymous_22)
FN:150,(anonymous_23)
FN:158,(anonymous_24)
FN:167,(anonymous_25)
FN:177,(anonymous_26)
FN:188,(anonymous_27)
FN:192,(anonymous_28)
FN:194,(anonymous_29)
FN:195,(anonymous_30)
FN:210,(anonymous_31)
FN:219,(anonymous_32)
FN:223,(anonymous_33)
FN:227,(anonymous_34)
FNF:35
FNH:23
FNDA:0,(anonymous_0)
FNDA:0,(anonymous_1)
FNDA:0,(anonymous_2)
FNDA:0,(anonymous_3)
FNDA:0,(anonymous_4)
FNDA:0,(anonymous_5)
FNDA:0,(anonymous_6)
FNDA:0,(anonymous_7)
FNDA:0,(anonymous_8)
FNDA:0,(anonymous_9)
FNDA:3,(anonymous_10)
FNDA:1,(anonymous_11)
FNDA:3,(anonymous_12)
FNDA:1,(anonymous_13)
FNDA:3,(anonymous_14)
FNDA:2,(anonymous_15)
FNDA:4,(anonymous_16)
FNDA:2,(anonymous_17)
FNDA:2,(anonymous_18)
FNDA:4,(anonymous_19)
FNDA:2,(anonymous_20)
FNDA:2,(anonymous_21)
FNDA:6,(anonymous_22)
FNDA:10,(anonymous_23)
FNDA:2,(anonymous_24)
FNDA:4,(anonymous_25)
FNDA:5,(anonymous_26)
FNDA:3,(anonymous_27)
FNDA:3,(anonymous_28)
FNDA:1,(anonymous_29)
FNDA:4,(anonymous_30)
FNDA:3,(anonymous_31)
FNDA:50,(anonymous_32)
FNDA:0,(anonymous_33)
FNDA:0,(anonymous_34)
DA:1,1
DA:3,1
DA:9,0
DA:10,0
DA:14,0
DA:15,0
DA:19,0
DA:20,0
DA:21,0
DA:25,0
DA:26,0
DA:30,1
DA:32,0
DA:36,0
DA:39,0
DA:51,0
DA:52,0
DA:53,0
DA:55,0
DA:57,0
DA:58,0
DA:61,0
DA:65,0
DA:69,1
DA:71,3
DA:75,1
DA:76,1
DA:77,3
DA:78,3
DA:79,1
DA:81,2
DA:82,2
DA:87,1
DA:88,3
DA:89,3
DA:90,3
DA:91,3
DA:96,2
DA:97,2
DA:98,3
DA:100,2
DA:104,4
DA:105,4
DA:106,13
DA:107,13
DA:109,4
DA:113,2
DA:114,2
DA:118,1
DA:123,2
DA:124,2
DA:125,4
DA:126,3
DA:129,2
DA:136,2
DA:137,2
DA:138,2
DA:140,2
DA:144,6
DA:145,4
DA:146,2
DA:147,0
DA:151,10
DA:153,7
DA:154,7
DA:156,7
DA:157,2
DA:158,2
DA:161,5
DA:162,4
DA:163,4
DA:165,4
DA:167,4
DA:168,4
DA:172,1
DA:176,1
DA:178,5
DA:179,5
DA:189,3
DA:193,3
DA:194,1
DA:195,4
DA:196,1
DA:200,2
DA:201,2
DA:202,1
DA:205,1
DA:209,1
DA:211,3
DA:212,3
DA:213,3
DA:214,124
DA:216,3
DA:220,50
DA:224,0
DA:228,0
LF:96
LH:73
BRDA:21,0,0,0
BRDA:21,0,1,0
BRDA:21,0,2,0
BRDA:46,1,0,0
BRDA:47,2,0,0
BRDA:57,3,0,0
BRDA:57,3,1,0
BRDA:78,4,0,1
BRDA:78,4,1,2
BRDA:89,5,0,3
BRDA:89,5,1,2
BRDA:112,6,0,1
BRDA:125,7,0,3
BRDA:125,7,1,1
BRDA:144,8,0,2
BRDA:144,8,1,4
BRDA:145,9,0,2
BRDA:145,9,1,2
BRDA:146,10,0,2
BRDA:146,10,1,0
BRDA:151,11,0,3
BRDA:151,11,1,7
BRDA:153,12,0,0
BRDA:153,12,1,7
BRDA:153,13,0,7
BRDA:153,13,1,7
BRDA:154,14,0,0
BRDA:154,14,1,7
BRDA:156,15,0,2
BRDA:156,15,1,5
BRDA:157,16,0,1
BRDA:157,16,1,1
BRDA:157,17,0,2
BRDA:157,17,1,2
BRDA:161,18,0,4
BRDA:161,18,1,1
BRDA:165,19,0,0
BRDA:165,19,1,4
BRDA:168,20,0,4
BRDA:168,20,1,4
BRDA:179,21,0,3
BRDA:179,21,1,2
BRDA:193,22,0,1
BRDA:193,22,1,2
BRDA:201,23,0,1
BRDA:201,23,1,1
BRDA:210,24,0,1
BRF:47
BRH:36
end_of_record
TN:
SF:src/utils/rtl.ts
FN:21,(anonymous_0)
FN:29,(anonymous_1)
FN:37,(anonymous_2)
FN:47,(anonymous_3)
FN:71,(anonymous_4)
FN:93,(anonymous_5)
FN:100,(anonymous_6)
FN:107,(anonymous_7)
FN:116,(anonymous_8)
FN:123,(anonymous_9)
FN:130,(anonymous_10)
FN:137,(anonymous_11)
FN:147,(anonymous_12)
FN:154,(anonymous_13)
FN:162,(anonymous_14)
FN:173,(anonymous_15)
FN:261,(anonymous_16)
FN:286,(anonymous_17)
FN:335,(anonymous_18)
FN:343,(anonymous_19)
FNF:20
FNH:13
FNDA:0,(anonymous_0)
FNDA:0,(anonymous_1)
FNDA:0,(anonymous_2)
FNDA:4,(anonymous_3)
FNDA:3,(anonymous_4)
FNDA:4,(anonymous_5)
FNDA:2,(anonymous_6)
FNDA:2,(anonymous_7)
FNDA:6,(anonymous_8)
FNDA:2,(anonymous_9)
FNDA:2,(anonymous_10)
FNDA:2,(anonymous_11)
FNDA:2,(anonymous_12)
FNDA:2,(anonymous_13)
FNDA:0,(anonymous_14)
FNDA:5,(anonymous_15)
FNDA:0,(anonymous_16)
FNDA:4,(anonymous_17)
FNDA:0,(anonymous_18)
FNDA:0,(anonymous_19)
DA:1,1
DA:21,1
DA:22,0
DA:29,1
DA:30,0
DA:37,1
DA:38,0
DA:47,1
DA:48,4
DA:50,4
DA:51,2
DA:55,2
DA:56,1
DA:57,1
DA:58,0
DA:62,1
DA:71,1
DA:72,3
DA:74,3
DA:75,1
DA:78,2
DA:79,0
DA:82,2
DA:83,0
DA:87,2
DA:93,1
DA:94,4
DA:96,4
DA:100,2
DA:107,2
DA:116,1
DA:117,6
DA:119,6
DA:123,2
DA:130,2
DA:137,2
DA:147,1
DA:148,2
DA:150,2
DA:154,2
DA:162,0
DA:173,1
DA:174,5
DA:176,5
DA:177,1
DA:180,4
DA:183,4
DA:184,1
DA:185,1
DA:186,1
DA:187,3
DA:188,0
DA:189,0
DA:190,3
DA:191,0
DA:192,0
DA:196,4
DA:197,0
DA:198,0
DA:199,0
DA:200,4
DA:201,0
DA:202,0
DA:203,4
DA:204,0
DA:205,0
DA:209,4
DA:210,0
DA:211,0
DA:212,0
DA:213,4
DA:214,0
DA:215,0
DA:216,4
DA:217,0
DA:218,0
DA:222,4
DA:223,0
DA:224,0
DA:225,0
DA:226,4
DA:227,0
DA:228,0
DA:229,4
DA:230,0
DA:231,0
DA:235,4
DA:236,1
DA:237,1
DA:238,0
DA:239,0
DA:244,4
DA:245,1
DA:246,1
DA:247,0
DA:248,0
DA:252,4
DA:261,1
DA:266,0
DA:268,0
DA:269,0
DA:273,0
DA:276,0
DA:286,1
DA:287,4
DA:289,4
DA:290,1
DA:294,3
DA:329,3
DA:335,1
DA:336,0
DA:338,0
DA:344,0
DA:345,0
DA:348,0
DA:349,0
DA:352,0
DA:353,0
DA:356,0
DA:357,0
DA:360,0
LF:121
LH:69
BRDA:47,0,0,2
BRDA:48,1,0,4
BRDA:48,1,1,0
BRDA:50,2,0,2
BRDA:50,2,1,2
BRDA:55,3,0,1
BRDA:55,3,1,1
BRDA:57,4,0,0
BRDA:57,4,1,1
BRDA:72,5,0,3
BRDA:72,5,1,0
BRDA:74,6,0,1
BRDA:74,6,1,2
BRDA:74,7,0,3
BRDA:74,7,1,2
BRDA:78,8,0,0
BRDA:78,8,1,2
BRDA:79,9,0,0
BRDA:79,9,1,0
BRDA:82,10,0,0
BRDA:82,10,1,2
BRDA:83,11,0,0
BRDA:83,11,1,0
BRDA:87,12,0,1
BRDA:87,12,1,1
BRDA:94,13,0,4
BRDA:94,13,1,0
BRDA:101,14,0,1
BRDA:101,14,1,1
BRDA:108,15,0,1
BRDA:108,15,1,1
BRDA:117,16,0,6
BRDA:117,16,1,0
BRDA:124,17,0,1
BRDA:124,17,1,1
BRDA:131,18,0,1
BRDA:131,18,1,1
BRDA:148,19,0,2
BRDA:148,19,1,0
BRDA:155,20,0,1
BRDA:155,20,1,1
BRDA:156,21,0,2
BRDA:156,21,1,1
BRDA:156,22,0,0
BRDA:156,22,1,1
BRDA:163,23,0,0
BRDA:163,23,1,0
BRDA:164,24,0,0
BRDA:164,24,1,0
BRDA:164,25,0,0
BRDA:164,25,1,0
BRDA:174,26,0,5
BRDA:174,26,1,0
BRDA:176,27,0,1
BRDA:176,27,1,4
BRDA:176,28,0,5
BRDA:176,28,1,4
BRDA:183,29,0,1
BRDA:183,29,1,3
BRDA:183,30,0,4
BRDA:183,30,1,1
BRDA:187,31,0,0
BRDA:187,31,1,3
BRDA:190,32,0,0
BRDA:190,32,1,3
BRDA:196,33,0,0
BRDA:196,33,1,4
BRDA:196,34,0,4
BRDA:196,34,1,0
BRDA:200,35,0,0
BRDA:200,35,1,4
BRDA:203,36,0,0
BRDA:203,36,1,4
BRDA:209,37,0,0
BRDA:209,37,1,4
BRDA:209,38,0,4
BRDA:209,38,1,0
BRDA:213,39,0,0
BRDA:213,39,1,4
BRDA:216,40,0,0
BRDA:216,40,1,4
BRDA:222,41,0,0
BRDA:222,41,1,4
BRDA:222,42,0,4
BRDA:222,42,1,0
BRDA:226,43,0,0
BRDA:226,43,1,4
BRDA:229,44,0,0
BRDA:229,44,1,4
BRDA:235,45,0,1
BRDA:235,45,1,3
BRDA:236,46,0,1
BRDA:236,46,1,0
BRDA:238,47,0,0
BRDA:238,47,1,0
BRDA:244,48,0,1
BRDA:244,48,1,3
BRDA:245,49,0,1
BRDA:245,49,1,0
BRDA:247,50,0,0
BRDA:247,50,1,0
BRDA:266,51,0,0
BRDA:266,51,1,0
BRDA:268,52,0,0
BRDA:268,52,1,0
BRDA:278,53,0,0
BRDA:278,53,1,0
BRDA:287,54,0,4
BRDA:287,54,1,0
BRDA:289,55,0,1
BRDA:289,55,1,3
BRDA:329,56,0,3
BRDA:329,56,1,1
BRDA:336,57,0,0
BRDA:336,57,1,0
BRDA:344,58,0,0
BRDA:344,58,1,0
BRDA:345,59,0,0
BRDA:345,59,1,0
BRDA:348,60,0,0
BRDA:348,60,1,0
BRDA:349,61,0,0
BRDA:349,61,1,0
BRDA:352,62,0,0
BRDA:352,62,1,0
BRDA:353,63,0,0
BRDA:353,63,1,0
BRDA:356,64,0,0
BRDA:356,64,1,0
BRDA:357,65,0,0
BRDA:357,65,1,0
BRF:131
BRH:66
end_of_record
TN:
SF:src/utils/validation.ts
FN:2,(anonymous_0)
FN:7,(anonymous_1)
FN:13,(anonymous_2)
FN:18,(anonymous_3)
FN:27,(anonymous_4)
FN:34,(anonymous_5)
FN:38,(anonymous_6)
FN:42,(anonymous_7)
FN:46,(anonymous_8)
FN:51,(anonymous_9)
FN:56,(anonymous_10)
FN:85,(anonymous_11)
FN:110,(anonymous_12)
FNF:13
FNH:10
FNDA:6,(anonymous_0)
FNDA:6,(anonymous_1)
FNDA:5,(anonymous_2)
FNDA:4,(anonymous_3)
FNDA:7,(anonymous_4)
FNDA:2,(anonymous_5)
FNDA:2,(anonymous_6)
FNDA:2,(anonymous_7)
FNDA:2,(anonymous_8)
FNDA:2,(anonymous_9)
FNDA:0,(anonymous_10)
FNDA:0,(anonymous_11)
FNDA:0,(anonymous_12)
DA:1,1
DA:3,6
DA:4,6
DA:9,6
DA:10,6
DA:14,5
DA:15,5
DA:19,4
DA:20,4
DA:21,2
DA:23,2
DA:28,7
DA:29,3
DA:31,4
DA:35,2
DA:39,2
DA:43,2
DA:47,2
DA:48,2
DA:52,2
DA:53,2
DA:57,0
DA:58,0
DA:60,0
DA:61,0
DA:65,0
DA:66,0
DA:68,0
DA:69,0
DA:71,0
DA:72,0
DA:73,0
DA:74,0
DA:78,0
DA:79,0
DA:82,0
DA:86,0
DA:87,0
DA:88,0
DA:91,0
DA:92,0
DA:93,0
DA:94,0
DA:96,0
DA:97,0
DA:99,0
DA:100,0
DA:103,0
DA:104,0
DA:107,0
DA:111,0
DA:112,0
LF:52
LH:21
BRDA:28,0,0,3
BRDA:28,0,1,4
BRDA:31,1,0,4
BRDA:31,1,1,3
BRDA:60,2,0,0
BRDA:60,2,1,0
BRDA:71,3,0,0
BRDA:71,3,1,0
BRDA:73,4,0,0
BRDA:73,4,1,0
BRDA:87,5,0,0
BRDA:87,5,1,0
BRDA:99,6,0,0
BRDA:99,6,1,0
BRDA:103,7,0,0
BRDA:103,7,1,0
BRDA:103,8,0,0
BRDA:103,8,1,0
BRF:18
BRH:4
end_of_record
